# JRE version: 7.0_25-b30
# Java VM: OpenJDK 64-Bit Server VM (23.7-b01 mixed mode linux-amd64 compressed oops)
Heap
 PSYoungGen      total 36736K, used 5972K [0x00000007d70b0000, 0x00000007d99a0000, 0x0000000800000000)
  eden space 31552K, 2% used [0x00000007d70b0000,0x00000007d717a258,0x00000007d8f80000)
  from space 5184K, 99% used [0x00000007d9490000,0x00000007d999b080,0x00000007d99a0000)
  to   space 5184K, 0% used [0x00000007d8f80000,0x00000007d8f80000,0x00000007d9490000)
 ParOldGen       total 83840K, used 25535K [0x0000000785200000, 0x000000078a3e0000, 0x00000007d70b0000)
  object space 83840K, 30% used [0x0000000785200000,0x0000000786aefc80,0x000000078a3e0000)
 PSPermGen       total 21632K, used 21545K [0x000000077ac00000, 0x000000077c120000, 0x0000000785200000)
  object space 21632K, 99% used [0x000000077ac00000,0x000000077c10a788,0x000000077c120000)
GC Heap History (4 events):
Event: 2.129 GC heap before
{Heap before GC invocations=1 (full 0):
 PSYoungGen      total 36736K, used 31552K [0x00000007d70b0000, 0x00000007d99a0000, 0x0000000800000000)
  eden space 31552K, 100% used [0x00000007d70b0000,0x00000007d8f80000,0x00000007d8f80000)
  from space 5184K, 0% used [0x00000007d9490000,0x00000007d9490000,0x00000007d99a0000)
  to   space 5184K, 0% used [0x00000007d8f80000,0x00000007d8f80000,0x00000007d9490000)
 ParOldGen       total 83840K, used 0K [0x0000000785200000, 0x000000078a3e0000, 0x00000007d70b0000)
  object space 83840K, 0% used [0x0000000785200000,0x0000000785200000,0x000000078a3e0000)
 PSPermGen       total 21248K, used 21144K [0x000000077ac00000, 0x000000077c0c0000, 0x0000000785200000)
  object space 21248K, 99% used [0x000000077ac00000,0x000000077c0a6160,0x000000077c0c0000)
Event: 2.141 GC heap after
Heap after GC invocations=1 (full 0):
 PSYoungGen      total 36736K, used 5170K [0x00000007d70b0000, 0x00000007d99a0000, 0x0000000800000000)
  eden space 31552K, 0% used [0x00000007d70b0000,0x00000007d70b0000,0x00000007d8f80000)
  from space 5184K, 99% used [0x00000007d8f80000,0x00000007d948ca20,0x00000007d9490000)
  to   space 5184K, 0% used [0x00000007d9490000,0x00000007d9490000,0x00000007d99a0000)
 ParOldGen       total 83840K, used 5628K [0x0000000785200000, 0x000000078a3e0000, 0x00000007d70b0000)
  object space 83840K, 6% used [0x0000000785200000,0x000000078577f2a0,0x000000078a3e0000)
 PSPermGen       total 21248K, used 21144K [0x000000077ac00000, 0x000000077c0c0000, 0x0000000785200000)
  object space 21248K, 99% used [0x000000077ac00000,0x000000077c0a6160,0x000000077c0c0000)
}
Event: 2.997 GC heap before
{Heap before GC invocations=2 (full 0):
 PSYoungGen      total 36736K, used 36722K [0x00000007d70b0000, 0x00000007d99a0000, 0x0000000800000000)
  eden space 31552K, 100% used [0x00000007d70b0000,0x00000007d8f80000,0x00000007d8f80000)
  from space 5184K, 99% used [0x00000007d8f80000,0x00000007d948ca20,0x00000007d9490000)
  to   space 5184K, 0% used [0x00000007d9490000,0x00000007d9490000,0x00000007d99a0000)
 ParOldGen       total 83840K, used 5628K [0x0000000785200000, 0x000000078a3e0000, 0x00000007d70b0000)
  object space 83840K, 6% used [0x0000000785200000,0x000000078577f2a0,0x000000078a3e0000)
 PSPermGen       total 21632K, used 21527K [0x000000077ac00000, 0x000000077c120000, 0x0000000785200000)
  object space 21632K, 99% used [0x000000077ac00000,0x000000077c105e10,0x000000077c120000)
Event: 3.004 GC heap after
Heap after GC invocations=2 (full 0):
 PSYoungGen      total 36736K, used 5164K [0x00000007d70b0000, 0x00000007d99a0000, 0x0000000800000000)
  eden space 31552K, 0% used [0x00000007d70b0000,0x00000007d70b0000,0x00000007d8f80000)
  from space 5184K, 99% used [0x00000007d9490000,0x00000007d999b080,0x00000007d99a0000)
  to   space 5184K, 0% used [0x00000007d8f80000,0x00000007d8f80000,0x00000007d9490000)
 ParOldGen       total 83840K, used 25535K [0x0000000785200000, 0x000000078a3e0000, 0x00000007d70b0000)
  object space 83840K, 30% used [0x0000000785200000,0x0000000786aefc80,0x000000078a3e0000)
 PSPermGen       total 21632K, used 21527K [0x000000077ac00000, 0x000000077c120000, 0x0000000785200000)
  object space 21632K, 99% used [0x000000077ac00000,0x000000077c105e10,0x000000077c120000)
}

