# JRE version: 7.0_11-b21
# Java VM: Java HotSpot(TM) 64-Bit Server VM (23.6-b04 mixed mode linux-amd64 compressed oops)
Heap
 PSYoungGen      total 68288K, used 8112K [0x00000000d70b0000, 0x00000000e11b0000, 0x0000000100000000)
  eden space 63104K, 4% used [0x00000000d70b0000,0x00000000d738cf50,0x00000000dae50000)
  from space 5184K, 99% used [0x00000000dae50000,0x00000000db35f348,0x00000000db360000)
  to   space 19328K, 0% used [0x00000000dfed0000,0x00000000dfed0000,0x00000000e11b0000)
 ParOldGen       total 83904K, used 37685K [0x0000000085200000, 0x000000008a3f0000, 0x00000000d70b0000)
  object space 83904K, 44% used [0x0000000085200000,0x00000000876cd490,0x000000008a3f0000)
 PSPermGen       total 21248K, used 15690K [0x0000000080000000, 0x00000000814c0000, 0x0000000085200000)
  object space 21248K, 73% used [0x0000000080000000,0x0000000080f52a18,0x00000000814c0000)
GC Heap History (10 events):
Event: 1.270 GC heap before
{Heap before GC invocations=1 (full 0):
 PSYoungGen      total 36736K, used 31552K [0x00000000d70b0000, 0x00000000d99a0000, 0x0000000100000000)
  eden space 31552K, 100% used [0x00000000d70b0000,0x00000000d8f80000,0x00000000d8f80000)
  from space 5184K, 0% used [0x00000000d9490000,0x00000000d9490000,0x00000000d99a0000)
  to   space 5184K, 0% used [0x00000000d8f80000,0x00000000d8f80000,0x00000000d9490000)
 ParOldGen       total 83904K, used 0K [0x0000000085200000, 0x000000008a3f0000, 0x00000000d70b0000)
  object space 83904K, 0% used [0x0000000085200000,0x0000000085200000,0x000000008a3f0000)
 PSPermGen       total 21248K, used 12724K [0x0000000080000000, 0x00000000814c0000, 0x0000000085200000)
  object space 21248K, 59% used [0x0000000080000000,0x0000000080c6d030,0x00000000814c0000)
Event: 1.279 GC heap after
Heap after GC invocations=1 (full 0):
 PSYoungGen      total 36736K, used 5168K [0x00000000d70b0000, 0x00000000d99a0000, 0x0000000100000000)
  eden space 31552K, 0% used [0x00000000d70b0000,0x00000000d70b0000,0x00000000d8f80000)
  from space 5184K, 99% used [0x00000000d8f80000,0x00000000d948c1b0,0x00000000d9490000)
  to   space 5184K, 0% used [0x00000000d9490000,0x00000000d9490000,0x00000000d99a0000)
 ParOldGen       total 83904K, used 2413K [0x0000000085200000, 0x000000008a3f0000, 0x00000000d70b0000)
  object space 83904K, 2% used [0x0000000085200000,0x000000008545b7d0,0x000000008a3f0000)
 PSPermGen       total 21248K, used 12724K [0x0000000080000000, 0x00000000814c0000, 0x0000000085200000)
  object space 21248K, 59% used [0x0000000080000000,0x0000000080c6d030,0x00000000814c0000)
}
Event: 1.625 GC heap before
{Heap before GC invocations=2 (full 0):
 PSYoungGen      total 36736K, used 35653K [0x00000000d70b0000, 0x00000000d99a0000, 0x0000000100000000)
  eden space 31552K, 96% used [0x00000000d70b0000,0x00000000d8e75458,0x00000000d8f80000)
  from space 5184K, 99% used [0x00000000d8f80000,0x00000000d948c1b0,0x00000000d9490000)
  to   space 5184K, 0% used [0x00000000d9490000,0x00000000d9490000,0x00000000d99a0000)
 ParOldGen       total 83904K, used 2413K [0x0000000085200000, 0x000000008a3f0000, 0x00000000d70b0000)
  object space 83904K, 2% used [0x0000000085200000,0x000000008545b7d0,0x000000008a3f0000)
 PSPermGen       total 21248K, used 14274K [0x0000000080000000, 0x00000000814c0000, 0x0000000085200000)
  object space 21248K, 67% used [0x0000000080000000,0x0000000080df0850,0x00000000814c0000)
Event: 1.633 GC heap after
Heap after GC invocations=2 (full 0):
 PSYoungGen      total 36736K, used 5177K [0x00000000d70b0000, 0x00000000db870000, 0x0000000100000000)
  eden space 31552K, 0% used [0x00000000d70b0000,0x00000000d70b0000,0x00000000d8f80000)
  from space 5184K, 99% used [0x00000000d9490000,0x00000000d999e6e8,0x00000000d99a0000)
  to   space 5184K, 0% used [0x00000000d8f80000,0x00000000d8f80000,0x00000000d9490000)
 ParOldGen       total 83904K, used 7587K [0x0000000085200000, 0x000000008a3f0000, 0x00000000d70b0000)
  object space 83904K, 9% used [0x0000000085200000,0x0000000085968db0,0x000000008a3f0000)
 PSPermGen       total 21248K, used 14274K [0x0000000080000000, 0x00000000814c0000, 0x0000000085200000)
  object space 21248K, 67% used [0x0000000080000000,0x0000000080df0850,0x00000000814c0000)
}
Event: 1.668 GC heap before
{Heap before GC invocations=3 (full 0):
 PSYoungGen      total 36736K, used 36729K [0x00000000d70b0000, 0x00000000db870000, 0x0000000100000000)
  eden space 31552K, 100% used [0x00000000d70b0000,0x00000000d8f80000,0x00000000d8f80000)
  from space 5184K, 99% used [0x00000000d9490000,0x00000000d999e6e8,0x00000000d99a0000)
  to   space 5184K, 0% used [0x00000000d8f80000,0x00000000d8f80000,0x00000000d9490000)
 ParOldGen       total 83904K, used 7587K [0x0000000085200000, 0x000000008a3f0000, 0x00000000d70b0000)
  object space 83904K, 9% used [0x0000000085200000,0x0000000085968db0,0x000000008a3f0000)
 PSPermGen       total 21248K, used 14493K [0x0000000080000000, 0x00000000814c0000, 0x0000000085200000)
  object space 21248K, 68% used [0x0000000080000000,0x0000000080e27420,0x00000000814c0000)
Event: 1.677 GC heap after
Heap after GC invocations=3 (full 0):
 PSYoungGen      total 36736K, used 5180K [0x00000000d70b0000, 0x00000000db870000, 0x0000000100000000)
  eden space 31552K, 0% used [0x00000000d70b0000,0x00000000d70b0000,0x00000000d8f80000)
  from space 5184K, 99% used [0x00000000d8f80000,0x00000000d948f098,0x00000000d9490000)
  to   space 5184K, 0% used [0x00000000db360000,0x00000000db360000,0x00000000db870000)
 ParOldGen       total 83904K, used 20508K [0x0000000085200000, 0x000000008a3f0000, 0x00000000d70b0000)
  object space 83904K, 24% used [0x0000000085200000,0x0000000086607280,0x000000008a3f0000)
 PSPermGen       total 21248K, used 14493K [0x0000000080000000, 0x00000000814c0000, 0x0000000085200000)
  object space 21248K, 68% used [0x0000000080000000,0x0000000080e27420,0x00000000814c0000)
}
Event: 1.695 GC heap before
{Heap before GC invocations=4 (full 0):
 PSYoungGen      total 36736K, used 36465K [0x00000000d70b0000, 0x00000000db870000, 0x0000000100000000)
  eden space 31552K, 99% used [0x00000000d70b0000,0x00000000d8f3d3b0,0x00000000d8f80000)
  from space 5184K, 99% used [0x00000000d8f80000,0x00000000d948f098,0x00000000d9490000)
  to   space 5184K, 0% used [0x00000000db360000,0x00000000db360000,0x00000000db870000)
 ParOldGen       total 83904K, used 20508K [0x0000000085200000, 0x000000008a3f0000, 0x00000000d70b0000)
  object space 83904K, 24% used [0x0000000085200000,0x0000000086607280,0x000000008a3f0000)
 PSPermGen       total 21248K, used 14493K [0x0000000080000000, 0x00000000814c0000, 0x0000000085200000)
  object space 21248K, 68% used [0x0000000080000000,0x0000000080e274c8,0x00000000814c0000)
Event: 1.733 GC heap after
Heap after GC invocations=4 (full 0):
 PSYoungGen      total 68288K, used 5174K [0x00000000d70b0000, 0x00000000db870000, 0x0000000100000000)
  eden space 63104K, 0% used [0x00000000d70b0000,0x00000000d70b0000,0x00000000dae50000)
  from space 5184K, 99% used [0x00000000db360000,0x00000000db86da78,0x00000000db870000)
  to   space 5184K, 0% used [0x00000000dae50000,0x00000000dae50000,0x00000000db360000)
 ParOldGen       total 83904K, used 26908K [0x0000000085200000, 0x000000008a3f0000, 0x00000000d70b0000)
  object space 83904K, 32% used [0x0000000085200000,0x0000000086c47280,0x000000008a3f0000)
 PSPermGen       total 21248K, used 14493K [0x0000000080000000, 0x00000000814c0000, 0x0000000085200000)
  object space 21248K, 68% used [0x0000000080000000,0x0000000080e274c8,0x00000000814c0000)
}
Event: 2.777 GC heap before
{Heap before GC invocations=5 (full 0):
 PSYoungGen      total 68288K, used 68278K [0x00000000d70b0000, 0x00000000db870000, 0x0000000100000000)
  eden space 63104K, 100% used [0x00000000d70b0000,0x00000000dae50000,0x00000000dae50000)
  from space 5184K, 99% used [0x00000000db360000,0x00000000db86da78,0x00000000db870000)
  to   space 5184K, 0% used [0x00000000dae50000,0x00000000dae50000,0x00000000db360000)
 ParOldGen       total 83904K, used 26908K [0x0000000085200000, 0x000000008a3f0000, 0x00000000d70b0000)
  object space 83904K, 32% used [0x0000000085200000,0x0000000086c47280,0x000000008a3f0000)
 PSPermGen       total 21248K, used 15525K [0x0000000080000000, 0x00000000814c0000, 0x0000000085200000)
  object space 21248K, 73% used [0x0000000080000000,0x0000000080f297c0,0x00000000814c0000)
Event: 2.795 GC heap after
Heap after GC invocations=5 (full 0):
 PSYoungGen      total 68288K, used 5180K [0x00000000d70b0000, 0x00000000e11b0000, 0x0000000100000000)
  eden space 63104K, 0% used [0x00000000d70b0000,0x00000000d70b0000,0x00000000dae50000)
  from space 5184K, 99% used [0x00000000dae50000,0x00000000db35f348,0x00000000db360000)
  to   space 19328K, 0% used [0x00000000dfed0000,0x00000000dfed0000,0x00000000e11b0000)
 ParOldGen       total 83904K, used 37685K [0x0000000085200000, 0x000000008a3f0000, 0x00000000d70b0000)
  object space 83904K, 44% used [0x0000000085200000,0x00000000876cd490,0x000000008a3f0000)
 PSPermGen       total 21248K, used 15525K [0x0000000080000000, 0x00000000814c0000, 0x0000000085200000)
  object space 21248K, 73% used [0x0000000080000000,0x0000000080f297c0,0x00000000814c0000)
}

