# JRE version: 7.0_11-b21
# Java VM: Java HotSpot(TM) 64-Bit Server VM (23.6-b04 mixed mode linux-amd64 compressed oops)
Heap
 PSYoungGen      total 68288K, used 7771K [0x00000000d70b0000, 0x00000000e0f10000, 0x0000000100000000)
  eden space 63104K, 4% used [0x00000000d70b0000,0x00000000d733bc80,0x00000000dae50000)
  from space 5184K, 99% used [0x00000000dae50000,0x00000000db35b0a8,0x00000000db360000)
  to   space 17984K, 0% used [0x00000000dfd80000,0x00000000dfd80000,0x00000000e0f10000)
 ParOldGen       total 83904K, used 35722K [0x0000000085200000, 0x000000008a3f0000, 0x00000000d70b0000)
  object space 83904K, 42% used [0x0000000085200000,0x00000000874e2878,0x000000008a3f0000)
 PSPermGen       total 21248K, used 15677K [0x0000000080000000, 0x00000000814c0000, 0x0000000085200000)
  object space 21248K, 73% used [0x0000000080000000,0x0000000080f4f600,0x00000000814c0000)
GC Heap History (10 events):
Event: 1.216 GC heap before
{Heap before GC invocations=1 (full 0):
 PSYoungGen      total 36736K, used 31552K [0x00000000d70b0000, 0x00000000d99a0000, 0x0000000100000000)
  eden space 31552K, 100% used [0x00000000d70b0000,0x00000000d8f80000,0x00000000d8f80000)
  from space 5184K, 0% used [0x00000000d9490000,0x00000000d9490000,0x00000000d99a0000)
  to   space 5184K, 0% used [0x00000000d8f80000,0x00000000d8f80000,0x00000000d9490000)
 ParOldGen       total 83904K, used 0K [0x0000000085200000, 0x000000008a3f0000, 0x00000000d70b0000)
  object space 83904K, 0% used [0x0000000085200000,0x0000000085200000,0x000000008a3f0000)
 PSPermGen       total 21248K, used 12723K [0x0000000080000000, 0x00000000814c0000, 0x0000000085200000)
  object space 21248K, 59% used [0x0000000080000000,0x0000000080c6cdc0,0x00000000814c0000)
Event: 1.222 GC heap after
Heap after GC invocations=1 (full 0):
 PSYoungGen      total 36736K, used 5178K [0x00000000d70b0000, 0x00000000d99a0000, 0x0000000100000000)
  eden space 31552K, 0% used [0x00000000d70b0000,0x00000000d70b0000,0x00000000d8f80000)
  from space 5184K, 99% used [0x00000000d8f80000,0x00000000d948eb08,0x00000000d9490000)
  to   space 5184K, 0% used [0x00000000d9490000,0x00000000d9490000,0x00000000d99a0000)
 ParOldGen       total 83904K, used 2365K [0x0000000085200000, 0x000000008a3f0000, 0x00000000d70b0000)
  object space 83904K, 2% used [0x0000000085200000,0x000000008544f7c0,0x000000008a3f0000)
 PSPermGen       total 21248K, used 12723K [0x0000000080000000, 0x00000000814c0000, 0x0000000085200000)
  object space 21248K, 59% used [0x0000000080000000,0x0000000080c6cdc0,0x00000000814c0000)
}
Event: 1.562 GC heap before
{Heap before GC invocations=2 (full 0):
 PSYoungGen      total 36736K, used 35660K [0x00000000d70b0000, 0x00000000d99a0000, 0x0000000100000000)
  eden space 31552K, 96% used [0x00000000d70b0000,0x00000000d8e746f8,0x00000000d8f80000)
  from space 5184K, 99% used [0x00000000d8f80000,0x00000000d948eb08,0x00000000d9490000)
  to   space 5184K, 0% used [0x00000000d9490000,0x00000000d9490000,0x00000000d99a0000)
 ParOldGen       total 83904K, used 2365K [0x0000000085200000, 0x000000008a3f0000, 0x00000000d70b0000)
  object space 83904K, 2% used [0x0000000085200000,0x000000008544f7c0,0x000000008a3f0000)
 PSPermGen       total 21248K, used 14273K [0x0000000080000000, 0x00000000814c0000, 0x0000000085200000)
  object space 21248K, 67% used [0x0000000080000000,0x0000000080df04e0,0x00000000814c0000)
Event: 1.578 GC heap after
Heap after GC invocations=2 (full 0):
 PSYoungGen      total 36736K, used 5177K [0x00000000d70b0000, 0x00000000db870000, 0x0000000100000000)
  eden space 31552K, 0% used [0x00000000d70b0000,0x00000000d70b0000,0x00000000d8f80000)
  from space 5184K, 99% used [0x00000000d9490000,0x00000000d999e6e8,0x00000000d99a0000)
  to   space 5184K, 0% used [0x00000000d8f80000,0x00000000d8f80000,0x00000000d9490000)
 ParOldGen       total 83904K, used 7527K [0x0000000085200000, 0x000000008a3f0000, 0x00000000d70b0000)
  object space 83904K, 8% used [0x0000000085200000,0x0000000085959ef0,0x000000008a3f0000)
 PSPermGen       total 21248K, used 14273K [0x0000000080000000, 0x00000000814c0000, 0x0000000085200000)
  object space 21248K, 67% used [0x0000000080000000,0x0000000080df04e0,0x00000000814c0000)
}
Event: 1.615 GC heap before
{Heap before GC invocations=3 (full 0):
 PSYoungGen      total 36736K, used 36729K [0x00000000d70b0000, 0x00000000db870000, 0x0000000100000000)
  eden space 31552K, 100% used [0x00000000d70b0000,0x00000000d8f80000,0x00000000d8f80000)
  from space 5184K, 99% used [0x00000000d9490000,0x00000000d999e6e8,0x00000000d99a0000)
  to   space 5184K, 0% used [0x00000000d8f80000,0x00000000d8f80000,0x00000000d9490000)
 ParOldGen       total 83904K, used 7527K [0x0000000085200000, 0x000000008a3f0000, 0x00000000d70b0000)
  object space 83904K, 8% used [0x0000000085200000,0x0000000085959ef0,0x000000008a3f0000)
 PSPermGen       total 21248K, used 14491K [0x0000000080000000, 0x00000000814c0000, 0x0000000085200000)
  object space 21248K, 68% used [0x0000000080000000,0x0000000080e26ef8,0x00000000814c0000)
Event: 1.625 GC heap after
Heap after GC invocations=3 (full 0):
 PSYoungGen      total 36736K, used 5157K [0x00000000d70b0000, 0x00000000db870000, 0x0000000100000000)
  eden space 31552K, 0% used [0x00000000d70b0000,0x00000000d70b0000,0x00000000d8f80000)
  from space 5184K, 99% used [0x00000000d8f80000,0x00000000d9489740,0x00000000d9490000)
  to   space 5184K, 0% used [0x00000000db360000,0x00000000db360000,0x00000000db870000)
 ParOldGen       total 83904K, used 20492K [0x0000000085200000, 0x000000008a3f0000, 0x00000000d70b0000)
  object space 83904K, 24% used [0x0000000085200000,0x00000000866033b0,0x000000008a3f0000)
 PSPermGen       total 21248K, used 14491K [0x0000000080000000, 0x00000000814c0000, 0x0000000085200000)
  object space 21248K, 68% used [0x0000000080000000,0x0000000080e26ef8,0x00000000814c0000)
}
Event: 1.642 GC heap before
{Heap before GC invocations=4 (full 0):
 PSYoungGen      total 36736K, used 36443K [0x00000000d70b0000, 0x00000000db870000, 0x0000000100000000)
  eden space 31552K, 99% used [0x00000000d70b0000,0x00000000d8f3d800,0x00000000d8f80000)
  from space 5184K, 99% used [0x00000000d8f80000,0x00000000d9489740,0x00000000d9490000)
  to   space 5184K, 0% used [0x00000000db360000,0x00000000db360000,0x00000000db870000)
 ParOldGen       total 83904K, used 20492K [0x0000000085200000, 0x000000008a3f0000, 0x00000000d70b0000)
  object space 83904K, 24% used [0x0000000085200000,0x00000000866033b0,0x000000008a3f0000)
 PSPermGen       total 21248K, used 14491K [0x0000000080000000, 0x00000000814c0000, 0x0000000085200000)
  object space 21248K, 68% used [0x0000000080000000,0x0000000080e26fa0,0x00000000814c0000)
Event: 1.689 GC heap after
Heap after GC invocations=4 (full 0):
 PSYoungGen      total 68288K, used 5152K [0x00000000d70b0000, 0x00000000db870000, 0x0000000100000000)
  eden space 63104K, 0% used [0x00000000d70b0000,0x00000000d70b0000,0x00000000dae50000)
  from space 5184K, 99% used [0x00000000db360000,0x00000000db868100,0x00000000db870000)
  to   space 5184K, 0% used [0x00000000dae50000,0x00000000dae50000,0x00000000db360000)
 ParOldGen       total 83904K, used 26924K [0x0000000085200000, 0x000000008a3f0000, 0x00000000d70b0000)
  object space 83904K, 32% used [0x0000000085200000,0x0000000086c4b3b0,0x000000008a3f0000)
 PSPermGen       total 21248K, used 14491K [0x0000000080000000, 0x00000000814c0000, 0x0000000085200000)
  object space 21248K, 68% used [0x0000000080000000,0x0000000080e26fa0,0x00000000814c0000)
}
Event: 2.703 GC heap before
{Heap before GC invocations=5 (full 0):
 PSYoungGen      total 68288K, used 68256K [0x00000000d70b0000, 0x00000000db870000, 0x0000000100000000)
  eden space 63104K, 100% used [0x00000000d70b0000,0x00000000dae50000,0x00000000dae50000)
  from space 5184K, 99% used [0x00000000db360000,0x00000000db868100,0x00000000db870000)
  to   space 5184K, 0% used [0x00000000dae50000,0x00000000dae50000,0x00000000db360000)
 ParOldGen       total 83904K, used 26924K [0x0000000085200000, 0x000000008a3f0000, 0x00000000d70b0000)
  object space 83904K, 32% used [0x0000000085200000,0x0000000086c4b3b0,0x000000008a3f0000)
 PSPermGen       total 21248K, used 15448K [0x0000000080000000, 0x00000000814c0000, 0x0000000085200000)
  object space 21248K, 72% used [0x0000000080000000,0x0000000080f160c0,0x00000000814c0000)
Event: 2.727 GC heap after
Heap after GC invocations=5 (full 0):
 PSYoungGen      total 68288K, used 5164K [0x00000000d70b0000, 0x00000000e0f10000, 0x0000000100000000)
  eden space 63104K, 0% used [0x00000000d70b0000,0x00000000d70b0000,0x00000000dae50000)
  from space 5184K, 99% used [0x00000000dae50000,0x00000000db35b0a8,0x00000000db360000)
  to   space 17984K, 0% used [0x00000000dfd80000,0x00000000dfd80000,0x00000000e0f10000)
 ParOldGen       total 83904K, used 35722K [0x0000000085200000, 0x000000008a3f0000, 0x00000000d70b0000)
  object space 83904K, 42% used [0x0000000085200000,0x00000000874e2878,0x000000008a3f0000)
 PSPermGen       total 21248K, used 15448K [0x0000000080000000, 0x00000000814c0000, 0x0000000085200000)
  object space 21248K, 72% used [0x0000000080000000,0x0000000080f160c0,0x00000000814c0000)
}

