# JRE version: 7.0_11-b21
# Java VM: Java HotSpot(TM) 64-Bit Server VM (23.6-b04 mixed mode linux-amd64 compressed oops)
Heap
 PSYoungGen      total 68288K, used 17023K [0x00000000d70b0000, 0x00000000db870000, 0x0000000100000000)
  eden space 63104K, 18% used [0x00000000d70b0000,0x00000000d7c434f8,0x00000000dae50000)
  from space 5184K, 99% used [0x00000000db360000,0x00000000db86ca00,0x00000000db870000)
  to   space 5184K, 0% used [0x00000000dae50000,0x00000000dae50000,0x00000000db360000)
 ParOldGen       total 83904K, used 15789K [0x0000000085200000, 0x000000008a3f0000, 0x00000000d70b0000)
  object space 83904K, 18% used [0x0000000085200000,0x000000008616b6f0,0x000000008a3f0000)
 PSPermGen       total 21248K, used 13106K [0x0000000080000000, 0x00000000814c0000, 0x0000000085200000)
  object space 21248K, 61% used [0x0000000080000000,0x0000000080ccc9a0,0x00000000814c0000)
GC Heap History (4 events):
Event: 0.922 GC heap before
{Heap before GC invocations=1 (full 0):
 PSYoungGen      total 36736K, used 31552K [0x00000000d70b0000, 0x00000000d99a0000, 0x0000000100000000)
  eden space 31552K, 100% used [0x00000000d70b0000,0x00000000d8f80000,0x00000000d8f80000)
  from space 5184K, 0% used [0x00000000d9490000,0x00000000d9490000,0x00000000d99a0000)
  to   space 5184K, 0% used [0x00000000d8f80000,0x00000000d8f80000,0x00000000d9490000)
 ParOldGen       total 83904K, used 0K [0x0000000085200000, 0x000000008a3f0000, 0x00000000d70b0000)
  object space 83904K, 0% used [0x0000000085200000,0x0000000085200000,0x000000008a3f0000)
 PSPermGen       total 21248K, used 12323K [0x0000000080000000, 0x00000000814c0000, 0x0000000085200000)
  object space 21248K, 58% used [0x0000000080000000,0x0000000080c08fa8,0x00000000814c0000)
Event: 0.933 GC heap after
Heap after GC invocations=1 (full 0):
 PSYoungGen      total 36736K, used 5154K [0x00000000d70b0000, 0x00000000db870000, 0x0000000100000000)
  eden space 31552K, 0% used [0x00000000d70b0000,0x00000000d70b0000,0x00000000d8f80000)
  from space 5184K, 99% used [0x00000000d8f80000,0x00000000d9488a10,0x00000000d9490000)
  to   space 5184K, 0% used [0x00000000db360000,0x00000000db360000,0x00000000db870000)
 ParOldGen       total 83904K, used 6454K [0x0000000085200000, 0x000000008a3f0000, 0x00000000d70b0000)
  object space 83904K, 7% used [0x0000000085200000,0x000000008584d920,0x000000008a3f0000)
 PSPermGen       total 21248K, used 12323K [0x0000000080000000, 0x00000000814c0000, 0x0000000085200000)
  object space 21248K, 58% used [0x0000000080000000,0x0000000080c08fa8,0x00000000814c0000)
}
Event: 1.407 GC heap before
{Heap before GC invocations=2 (full 0):
 PSYoungGen      total 36736K, used 36706K [0x00000000d70b0000, 0x00000000db870000, 0x0000000100000000)
  eden space 31552K, 100% used [0x00000000d70b0000,0x00000000d8f80000,0x00000000d8f80000)
  from space 5184K, 99% used [0x00000000d8f80000,0x00000000d9488a10,0x00000000d9490000)
  to   space 5184K, 0% used [0x00000000db360000,0x00000000db360000,0x00000000db870000)
 ParOldGen       total 83904K, used 6454K [0x0000000085200000, 0x000000008a3f0000, 0x00000000d70b0000)
  object space 83904K, 7% used [0x0000000085200000,0x000000008584d920,0x000000008a3f0000)
 PSPermGen       total 21248K, used 12582K [0x0000000080000000, 0x00000000814c0000, 0x0000000085200000)
  object space 21248K, 59% used [0x0000000080000000,0x0000000080c49b48,0x00000000814c0000)
Event: 1.423 GC heap after
Heap after GC invocations=2 (full 0):
 PSYoungGen      total 68288K, used 5170K [0x00000000d70b0000, 0x00000000db870000, 0x0000000100000000)
  eden space 63104K, 0% used [0x00000000d70b0000,0x00000000d70b0000,0x00000000dae50000)
  from space 5184K, 99% used [0x00000000db360000,0x00000000db86ca00,0x00000000db870000)
  to   space 5184K, 0% used [0x00000000dae50000,0x00000000dae50000,0x00000000db360000)
 ParOldGen       total 83904K, used 15789K [0x0000000085200000, 0x000000008a3f0000, 0x00000000d70b0000)
  object space 83904K, 18% used [0x0000000085200000,0x000000008616b6f0,0x000000008a3f0000)
 PSPermGen       total 21248K, used 12582K [0x0000000080000000, 0x00000000814c0000, 0x0000000085200000)
  object space 21248K, 59% used [0x0000000080000000,0x0000000080c49b48,0x00000000814c0000)
}

